[EVT] beforeunload@http://localhost:3000/reader/513-514 | send@debugger eval code:4:65 | @debugger eval code:12:52 | restart@http://localhost:3000/_next/static/chunks/turbopack-_01_ro95._.js:2211:36 | handleApply@http://localhost:3000/_next/static/chunks/turbopack-_01_ro95._.js:1793:29 | triggerUpdate@http://localhost:3000/_next/static/chunks/%5Bturbopack%5D_browser_dev_hmr-client_hmr-client_ts_1mojsay._.js:456:17
[EVT] beforeunload@http://localhost:3000/reader/1-2 | Error |     at send (<anonymous>:4:65) |     at <anonymous>:12:48 |     at Object.restart (http://localhost:3000/_next/static/chunks/turbopack-_01_ro95._.js:2211:36) |     at handleApply (http://localhost:3000/_next/static/chunks/turbopack-_01_ro95._.js:1793:29)
[EVT] beforeunload@http://localhost:3000/reader/513-514 | send@debugger eval code:4:65 | @debugger eval code:12:52 | restart@http://localhost:3000/_next/static/chunks/turbopack-_01_ro95._.js:2211:36 | handleApply@http://localhost:3000/_next/static/chunks/turbopack-_01_ro95._.js:1793:29 | triggerUpdate@http://localhost:3000/_next/static/chunks/%5Bturbopack%5D_browser_dev_hmr-client_hmr-client_ts_1mojsay._.js:456:17
[EVT] beforeunload@http://localhost:3000/reader/513-514 | send@debugger eval code:4:65 | @debugger eval code:12:52 | restart@http://localhost:3000/_next/static/chunks/turbopack-_01_ro95._.js:2211:36 | handleApply@http://localhost:3000/_next/static/chunks/turbopack-_01_ro95._.js:1793:29 | triggerUpdate@http://localhost:3000/_next/static/chunks/%5Bturbopack%5D_browser_dev_hmr-client_hmr-client_ts_1mojsay._.js:456:17
[EVT] beforeunload@http://localhost:3000/reader/513-514 | send@debugger eval code:4:65 | @debugger eval code:12:52 | restart@http://localhost:3000/_next/static/chunks/turbopack-_01_ro95._.js:2211:36 | handleApply@http://localhost:3000/_next/static/chunks/turbopack-_01_ro95._.js:1793:29 | triggerUpdate@http://localhost:3000/_next/static/chunks/%5Bturbopack%5D_browser_dev_hmr-client_hmr-client_ts_1mojsay._.js:456:17
[EVT] beforeunload@http://localhost:3000/reader/1-2 | Error |     at send (<anonymous>:4:65) |     at <anonymous>:12:48 |     at Object.restart (http://localhost:3000/_next/static/chunks/turbopack-_01_ro95._.js:2211:36) |     at handleApply (http://localhost:3000/_next/static/chunks/turbopack-_01_ro95._.js:1793:29)
[EVT] beforeunload@http://localhost:3000/reader/1-2 | Error |     at send (<anonymous>:4:65) |     at <anonymous>:12:48 |     at Object.restart (http://localhost:3000/_next/static/chunks/turbopack-_01_ro95._.js:2211:36) |     at handleApply (http://localhost:3000/_next/static/chunks/turbopack-_01_ro95._.js:1793:29)
[EVT] beforeunload@http://localhost:3000/reader/1-2 | Error |     at send (<anonymous>:4:65) |     at <anonymous>:12:48 |     at Object.restart (http://localhost:3000/_next/static/chunks/turbopack-_01_ro95._.js:2211:36) |     at handleApply (http://localhost:3000/_next/static/chunks/turbopack-_01_ro95._.js:1793:29)
[NAV #11] http://localhost:3000/reader/1-2
[NAV #34] http://localhost:3000/reader/513-514
[REQFAIL] http://localhost:3000/_next/static/chunks/node_modules_next_dist_compiled_next-devtools_index_090k2jm.js :: net::ERR_CACHE_READ_FAILURE
[CONSOLE.err] Failed to load resource: net::ERR_CACHE_READ_FAILURE
[REQFAIL] http://localhost:3000/_next/static/chunks/node_modules_next_dist_compiled_react-dom_096_9a-._.js :: net::ERR_CACHE_READ_FAILURE
[CONSOLE.err] Failed to load resource: net::ERR_CACHE_READ_FAILURE
[REQFAIL] http://localhost:3000/_next/static/chunks/node_modules_next_dist_compiled_react-server-dom-turbopack_164kp-6._.js :: net::ERR_CACHE_READ_FAILURE
[CONSOLE.err] Failed to load resource: net::ERR_CACHE_READ_FAILURE
[REQFAIL] http://localhost:3000/_next/static/chunks/node_modules_next_dist_compiled_1amofcm._.js :: net::ERR_CACHE_READ_FAILURE
[CONSOLE.err] Failed to load resource: net::ERR_CACHE_READ_FAILURE
[REQFAIL] http://localhost:3000/_next/static/chunks/node_modules_next_dist_client_0r5nbpw._.js :: net::ERR_CACHE_READ_FAILURE
[CONSOLE.err] Failed to load resource: net::ERR_CACHE_READ_FAILURE
[REQFAIL] http://localhost:3000/_next/static/chunks/node_modules_next_dist_1ybzpk2._.js :: net::ERR_CACHE_READ_FAILURE
[CONSOLE.err] Failed to load resource: net::ERR_CACHE_READ_FAILURE
[REQFAIL] http://localhost:3000/_next/static/chunks/turbopack-_01_ro95._.js :: net::ERR_CACHE_READ_FAILURE
[CONSOLE.err] Failed to load resource: net::ERR_CACHE_READ_FAILURE
[REQFAIL] http://localhost:3000/_next/static/chunks/node_modules_next_12whqff._.js :: net::ERR_CACHE_READ_FAILURE
[CONSOLE.err] Failed to load resource: net::ERR_CACHE_READ_FAILURE
[REQFAIL] http://localhost:3000/_next/static/chunks/src_15b9-3l._.js :: net::ERR_CACHE_READ_FAILURE
[CONSOLE.err] Failed to load resource: net::ERR_CACHE_READ_FAILURE
[REQFAIL] http://localhost:3000/_next/static/chunks/node_modules_%40supabase_postgrest-js_dist_index_mjs_0pzlnq8._.js :: net::ERR_CACHE_READ_FAILURE
[CONSOLE.err] Failed to load resource: net::ERR_CACHE_READ_FAILURE
[REQFAIL] http://localhost:3000/_next/static/chunks/node_modules_%40supabase_auth-js_dist_module_1vqrmkg._.js :: net::ERR_CACHE_READ_FAILURE
[CONSOLE.err] Failed to load resource: net::ERR_CACHE_READ_FAILURE
[REQFAIL] http://localhost:3000/_next/static/chunks/node_modules_fabric_dist_fabric_1xya86_.js :: net::ERR_CACHE_READ_FAILURE
[CONSOLE.err] Failed to load resource: net::ERR_CACHE_READ_FAILURE
[REQFAIL] http://localhost:3000/_next/static/chunks/node_modules_1gebt3u._.js :: net::ERR_CACHE_READ_FAILURE
[CONSOLE.err] Failed to load resource: net::ERR_CACHE_READ_FAILURE
[CONSOLE.err] Failed to load resource: net::ERR_CACHE_READ_FAILURE
[CONSOLE.err] Failed to load resource: net::ERR_CACHE_READ_FAILURE
[NAV #35] http://localhost:3000/reader/513-514
